\BOOKMARK [0][-]{chapter.1}{\376\377\000I\000n\000t\000r\000o\000d\000u\000c\000t\000i\000o\000n}{}% 1
\BOOKMARK [1][-]{section.1.1}{\376\377\000O\000b\000j\000e\000c\000t\000i\000v\000e}{chapter.1}% 2
\BOOKMARK [2][-]{subsection.1.1.1}{\376\377\000S\000o\000r\000t\000i\000n\000g\000\040\000A\000l\000g\000o\000r\000i\000t\000h\000m}{section.1.1}% 3
\BOOKMARK [0][-]{chapter.2}{\376\377\000T\000a\000s\000k\000s}{}% 4
\BOOKMARK [1][-]{section.2.1}{\376\377\000T\000a\000s\000k\000\040\0001}{chapter.2}% 5
\BOOKMARK [2][-]{subsection.2.1.1}{\376\377\000R\000I\000S\000C\000\040\000V\000\040\000I\000m\000p\000l\000e\000m\000e\000n\000t\000a\000t\000i\000o\000n\000\040\000\050\000s\000i\000n\000g\000l\000e\000\040\000c\000y\000c\000l\000e\000\051}{section.2.1}% 6
\BOOKMARK [2][-]{subsection.2.1.2}{\376\377\000C\000h\000a\000n\000g\000e\000s}{section.2.1}% 7
\BOOKMARK [2][-]{subsection.2.1.3}{\376\377\000C\000o\000d\000e\000\040\000a\000n\000d\000\040\000W\000a\000v\000e\000f\000o\000r\000m}{section.2.1}% 8
\BOOKMARK [2][-]{subsection.2.1.4}{\376\377\000S\000y\000n\000o\000p\000s\000i\000s}{section.2.1}% 9
\BOOKMARK [1][-]{section.2.2}{\376\377\000T\000a\000s\000k\0002}{chapter.2}% 10
\BOOKMARK [2][-]{subsection.2.2.1}{\376\377\000T\000e\000s\000t\000i\000n\000g\000\040\0005\000-\000S\000t\000a\000g\000e\000/\000P\000i\000p\000e\000l\000i\000n\000e\000d\000\040\000R\000I\000S\000C\000\040\000V\000\040\000P\000r\000o\000c\000e\000s\000s\000o\000r\000\040\000f\000o\000r\000\040\000S\000o\000r\000t\000i\000n\000g\000\040\000A\000l\000g\000o\000r\000i\000t\000h\000m}{section.2.2}% 11
\BOOKMARK [2][-]{subsection.2.2.2}{\376\377\000C\000h\000a\000n\000g\000e\000s}{section.2.2}% 12
\BOOKMARK [2][-]{subsection.2.2.3}{\376\377\000T\000e\000s\000t\000i\000n\000g\000\040\000F\000o\000r\000w\000a\000r\000d\000i\000n\000g\000\040\000U\000n\000i\000t}{section.2.2}% 13
\BOOKMARK [2][-]{subsection.2.2.4}{\376\377\000C\000o\000d\000e\000\040\000a\000n\000d\000\040\000W\000a\000v\000e\000f\000o\000r\000m}{section.2.2}% 14
\BOOKMARK [1][-]{section.2.3}{\376\377\000T\000a\000s\000k\000\040\0003}{chapter.2}% 15
\BOOKMARK [2][-]{subsection.2.3.1}{\376\377\000H\000a\000n\000d\000l\000i\000n\000g\000\040\000D\000a\000t\000a\000\040\000H\000a\000z\000a\000r\000d\000s}{section.2.3}% 16
\BOOKMARK [2][-]{subsection.2.3.2}{\376\377\000C\000h\000a\000n\000g\000e\000s}{section.2.3}% 17
\BOOKMARK [2][-]{subsection.2.3.3}{\376\377\000C\000o\000d\000e\000\040\000a\000n\000d\000\040\000W\000a\000v\000e\000f\000o\000r\000m}{section.2.3}% 18
\BOOKMARK [2][-]{subsection.2.3.4}{\376\377\000S\000y\000n\000o\000p\000s\000i\000s}{section.2.3}% 19
\BOOKMARK [0][-]{chapter.3}{\376\377\000C\000o\000n\000c\000l\000u\000s\000i\000o\000n\000\040\000a\000n\000d\000\040\000C\000h\000a\000l\000l\000e\000n\000g\000e\000s}{}% 20
\BOOKMARK [0][-]{chapter.4}{\376\377\000C\000o\000m\000p\000a\000r\000i\000s\000o\000n}{}% 21
\BOOKMARK [0][-]{chapter.5}{\376\377\000T\000a\000s\000k\000\040\000D\000i\000v\000i\000s\000i\000o\000n}{}% 22
\BOOKMARK [0][-]{chapter.6}{\376\377\000R\000e\000f\000e\000r\000e\000n\000c\000e\000s}{}% 23
\BOOKMARK [0][-]{appendix.A}{\376\377\000A\000p\000p\000e\000n\000d\000i\000x}{}% 24
