Vivado Simulator 2020.1
Copyright 1986-1999, 2001-2020 Xilinx, Inc. All Rights Reserved.
Running: C:/Xilinx/Vivado/2020.1/bin/unwrapped/win64.o/xelab.exe -wto 2d87f27d44564ed9b8e24b103fb36c6a --incr --debug typical --relax --mt 2 -L xil_defaultlib -L unisims_ver -L unimacro_ver -L secureip --snapshot testbench_pipelinedProcessor_behav xil_defaultlib.testbench_pipelinedProcessor xil_defaultlib.glbl -log elaborate.log 
Using 2 slave threads.
Starting static elaboration
Pass Through NonSizing Optimizer
Completed static elaboration
Starting simulation data flow analysis
Completed simulation data flow analysis
Time Resolution for simulation is 1ps
Compiling module xil_defaultlib.Adder
Compiling module xil_defaultlib.Mux_2x1
Compiling module xil_defaultlib.Program_Counter
Compiling module xil_defaultlib.Instruction_Memory
Compiling module xil_defaultlib.IF_ID
Compiling module xil_defaultlib.Instruction_Parser
Compiling module xil_defaultlib.Imm_Gen
Compiling module xil_defaultlib.Control_Unit
Compiling module xil_defaultlib.RegisterFile
Compiling module xil_defaultlib.ID_EX
Compiling module xil_defaultlib.Forwarding_Unit
Compiling module xil_defaultlib.Mux_3x1
Compiling module xil_defaultlib.ALU_Control
Compiling module xil_defaultlib.ALU64bit
Compiling module xil_defaultlib.EX_MEM
Compiling module xil_defaultlib.Data_Memory
Compiling module xil_defaultlib.MEM_WB
Compiling module xil_defaultlib.pipelinedProcessor
Compiling module xil_defaultlib.testbench_pipelinedProcessor
Compiling module xil_defaultlib.glbl
Built simulation snapshot testbench_pipelinedProcessor_behav
